        -:    0:Source:dominion.c
        -:    0:Graph:dominion.gcno
        -:    0:Data:dominion.gcda
        -:    0:Runs:4
        -:    0:Programs:4
        -:    1:#include "dominion.h"
        -:    2:#include "dominion_helpers.h"
        -:    3:#include "rngs.h"
        -:    4:#include <stdio.h>
        -:    5:#include <math.h>
        -:    6:#include <stdlib.h>
        -:    7:
      150:    8:int compare(const void* a, const void* b) {
      150:    9:  if (*(int*)a > *(int*)b)
    #####:   10:    return 1;
      150:   11:  if (*(int*)a < *(int*)b)
       40:   12:    return -1;
      110:   13:  return 0;
        -:   14:}
        -:   15:
    #####:   16:struct gameState* newGame() {
    #####:   17:  struct gameState* g = malloc(sizeof(struct gameState));
    #####:   18:  return g;
        -:   19:}
        -:   20:
    #####:   21:int* kingdomCards(int k1, int k2, int k3, int k4, int k5, int k6, int k7,
        -:   22:		  int k8, int k9, int k10) {
    #####:   23:  int* k = malloc(10 * sizeof(int));
    #####:   24:  k[0] = k1;
    #####:   25:  k[1] = k2;
    #####:   26:  k[2] = k3;
    #####:   27:  k[3] = k4;
    #####:   28:  k[4] = k5;
    #####:   29:  k[5] = k6;
    #####:   30:  k[6] = k7;
    #####:   31:  k[7] = k8;
    #####:   32:  k[8] = k9;
    #####:   33:  k[9] = k10;
    #####:   34:  return k;
        -:   35:}
        -:   36:
        4:   37:int initializeGame(int numPlayers, int kingdomCards[10], int randomSeed,
        -:   38:		   struct gameState *state) {
        -:   39:
        -:   40:  int i;
        -:   41:  int j;
        -:   42:  int it;			
        -:   43:  //set up random number generator
        4:   44:  SelectStream(1);
        4:   45:  PutSeed((long)randomSeed);
        -:   46:  
        -:   47:  //check number of players
        4:   48:  if (numPlayers > MAX_PLAYERS || numPlayers < 2)
        -:   49:    {
    #####:   50:      return -1;
        -:   51:    }
        -:   52:
        -:   53:  //set number of players
        4:   54:  state->numPlayers = numPlayers;
        -:   55:
        -:   56:  //check selected kingdom cards are different
       44:   57:  for (i = 0; i < 10; i++)
        -:   58:    {
      440:   59:      for (j = 0; j < 10; j++)
        -:   60:        {
      400:   61:	  if (j != i && kingdomCards[j] == kingdomCards[i])
        -:   62:	    {
    #####:   63:	      return -1;
        -:   64:	    }
        -:   65:        }
        -:   66:    }
        -:   67:
        -:   68:
        -:   69:  //initialize supply
        -:   70:  ///////////////////////////////
        -:   71:
        -:   72:  //set number of Curse cards
        4:   73:  if (numPlayers == 2)
        -:   74:    {
        3:   75:      state->supplyCount[curse] = 10;
        -:   76:    }
        1:   77:  else if (numPlayers == 3)
        -:   78:    {
    #####:   79:      state->supplyCount[curse] = 20;
        -:   80:    }
        -:   81:  else
        -:   82:    {
        1:   83:      state->supplyCount[curse] = 30;
        -:   84:    }
        -:   85:
        -:   86:  //set number of Victory cards
        4:   87:  if (numPlayers == 2)
        -:   88:    {
        3:   89:      state->supplyCount[estate] = 8;
        3:   90:      state->supplyCount[duchy] = 8;
        3:   91:      state->supplyCount[province] = 8;
        -:   92:    }
        -:   93:  else
        -:   94:    {
        1:   95:      state->supplyCount[estate] = 12;
        1:   96:      state->supplyCount[duchy] = 12;
        1:   97:      state->supplyCount[province] = 12;
        -:   98:    }
        -:   99:
        -:  100:  //set number of Treasure cards
        4:  101:  state->supplyCount[copper] = 60 - (7 * numPlayers);
        4:  102:  state->supplyCount[silver] = 40;
        4:  103:  state->supplyCount[gold] = 30;
        -:  104:
        -:  105:  //set number of Kingdom cards
       84:  106:  for (i = adventurer; i <= treasure_map; i++)       	//loop all cards
        -:  107:    {
      660:  108:      for (j = 0; j < 10; j++)           		//loop chosen cards
        -:  109:	{
      620:  110:	  if (kingdomCards[j] == i)
        -:  111:	    {
        -:  112:	      //check if card is a 'Victory' Kingdom card
       40:  113:	      if (kingdomCards[j] == great_hall || kingdomCards[j] == gardens)
        -:  114:		{
       16:  115:		  if (numPlayers == 2){ 
        6:  116:		    state->supplyCount[i] = 8; 
        -:  117:		  }
        2:  118:		  else{ state->supplyCount[i] = 12; }
        -:  119:		}
        -:  120:	      else
        -:  121:		{
       32:  122:		  state->supplyCount[i] = 10;
        -:  123:		}
       40:  124:	      break;
        -:  125:	    }
        -:  126:	  else    //card is not in the set choosen for the game
        -:  127:	    {
      580:  128:	      state->supplyCount[i] = -1;
        -:  129:	    }
        -:  130:	}
        -:  131:
        -:  132:    }
        -:  133:
        -:  134:  ////////////////////////
        -:  135:  //supply intilization complete
        -:  136:
        -:  137:  //set player decks
       14:  138:  for (i = 0; i < numPlayers; i++)
        -:  139:    {
       10:  140:      state->deckCount[i] = 0;
       40:  141:      for (j = 0; j < 3; j++)
        -:  142:	{
       30:  143:	  state->deck[i][j] = estate;
       30:  144:	  state->deckCount[i]++;
        -:  145:	}
       80:  146:      for (j = 3; j < 10; j++)
        -:  147:	{
       70:  148:	  state->deck[i][j] = copper;
       70:  149:	  state->deckCount[i]++;		
        -:  150:	}
        -:  151:    }
        -:  152:
        -:  153:  //shuffle player decks
       14:  154:  for (i = 0; i < numPlayers; i++)
        -:  155:    {
       10:  156:      if ( shuffle(i, state) < 0 )
        -:  157:	{
    #####:  158:	  return -1;
        -:  159:	}
        -:  160:    }
        -:  161:
        -:  162:  //draw player hands
       14:  163:  for (i = 0; i < numPlayers; i++)
        -:  164:    {  
        -:  165:      //initialize hand size to zero
       10:  166:      state->handCount[i] = 0;
       10:  167:      state->discardCount[i] = 0;
        -:  168:      //draw 5 cards
        -:  169:      // for (j = 0; j < 5; j++)
        -:  170:      //	{
        -:  171:      //	  drawCard(i, state);
        -:  172:      //	}
        -:  173:    }
        -:  174:  
        -:  175:  //set embargo tokens to 0 for all supply piles
      112:  176:  for (i = 0; i <= treasure_map; i++)
        -:  177:    {
      108:  178:      state->embargoTokens[i] = 0;
        -:  179:    }
        -:  180:
        -:  181:  //initialize first player's turn
        4:  182:  state->outpostPlayed = 0;
        4:  183:  state->phase = 0;
        4:  184:  state->numActions = 1;
        4:  185:  state->numBuys = 1;
        4:  186:  state->playedCardCount = 0;
        4:  187:  state->whoseTurn = 0;
        4:  188:  state->handCount[state->whoseTurn] = 0;
        -:  189:  //int it; move to top
        -:  190:
        -:  191:  //Moved draw cards to here, only drawing at the start of a turn
       24:  192:  for (it = 0; it < 5; it++){
       20:  193:    drawCard(state->whoseTurn, state);
        -:  194:  }
        -:  195:
        4:  196:  updateCoins(state->whoseTurn, state, 0);
        -:  197:
        4:  198:  return 0;
        -:  199:}
        -:  200:
       10:  201:int shuffle(int player, struct gameState *state) {
        -:  202: 
        -:  203:
        -:  204:  int newDeck[MAX_DECK];
       10:  205:  int newDeckPos = 0;
        -:  206:  int card;
        -:  207:  int i;
        -:  208:
       10:  209:  if (state->deckCount[player] < 1)
    #####:  210:    return -1;
       10:  211:  qsort ((void*)(state->deck[player]), state->deckCount[player], sizeof(int), compare); 
        -:  212:  /* SORT CARDS IN DECK TO ENSURE DETERMINISM! */
        -:  213:
      120:  214:  while (state->deckCount[player] > 0) {
      100:  215:    card = floor(Random() * state->deckCount[player]);
      100:  216:    newDeck[newDeckPos] = state->deck[player][card];
      100:  217:    newDeckPos++;
      349:  218:    for (i = card; i < state->deckCount[player]-1; i++) {
      249:  219:      state->deck[player][i] = state->deck[player][i+1];
        -:  220:    }
      100:  221:    state->deckCount[player]--;
        -:  222:  }
      110:  223:  for (i = 0; i < newDeckPos; i++) {
      100:  224:    state->deck[player][i] = newDeck[i];
      100:  225:    state->deckCount[player]++;
        -:  226:  }
        -:  227:
       10:  228:  return 0;
        -:  229:}
        -:  230:
    #####:  231:int playCard(int handPos, int choice1, int choice2, int choice3, struct gameState *state) 
        -:  232:{	
        -:  233:  int card;
    #####:  234:  int coin_bonus = 0; 		//tracks coins gain from actions
        -:  235:
        -:  236:  //check if it is the right phase
    #####:  237:  if (state->phase != 0)
        -:  238:    {
    #####:  239:      return -1;
        -:  240:    }
        -:  241:	
        -:  242:  //check if player has enough actions
    #####:  243:  if ( state->numActions < 1 )
        -:  244:    {
    #####:  245:      return -1;
        -:  246:    }
        -:  247:	
        -:  248:  //get card played
    #####:  249:  card = handCard(handPos, state);
        -:  250:	
        -:  251:  //check if selected card is an action
    #####:  252:  if ( card < adventurer || card > treasure_map )
        -:  253:    {
    #####:  254:      return -1;
        -:  255:    }
        -:  256:	
        -:  257:  //play card
    #####:  258:  if ( cardEffect(card, choice1, choice2, choice3, state, handPos, &coin_bonus) < 0 )
        -:  259:    {
    #####:  260:      return -1;
        -:  261:    }
        -:  262:	
        -:  263:  //reduce number of actions
    #####:  264:  state->numActions--;
        -:  265:
        -:  266:  //update coins (Treasure cards may be added with card draws)
    #####:  267:  updateCoins(state->whoseTurn, state, coin_bonus);
        -:  268:	
    #####:  269:  return 0;
        -:  270:}
        -:  271:
    #####:  272:int buyCard(int supplyPos, struct gameState *state) {
        -:  273:  int who;
        -:  274:  if (DEBUG){
        -:  275:    printf("Entering buyCard...\n");
        -:  276:  }
        -:  277:
        -:  278:  // I don't know what to do about the phase thing.
        -:  279:
    #####:  280:  who = state->whoseTurn;
        -:  281:
    #####:  282:  if (state->numBuys < 1){
        -:  283:    if (DEBUG)
        -:  284:      printf("You do not have any buys left\n");
    #####:  285:    return -1;
    #####:  286:  } else if (supplyCount(supplyPos, state) <1){
        -:  287:    if (DEBUG)
        -:  288:      printf("There are not any of that type of card left\n");
    #####:  289:    return -1;
    #####:  290:  } else if (state->coins < getCost(supplyPos)){
        -:  291:    if (DEBUG) 
        -:  292:      printf("You do not have enough money to buy that. You have %d coins.\n", state->coins);
    #####:  293:    return -1;
        -:  294:  } else {
    #####:  295:    state->phase=1;
        -:  296:    //state->supplyCount[supplyPos]--;
    #####:  297:    gainCard(supplyPos, state, 0, who); //card goes in discard, this might be wrong.. (2 means goes into hand, 0 goes into discard)
        -:  298:  
    #####:  299:    state->coins = (state->coins) - (getCost(supplyPos));
    #####:  300:    state->numBuys--;
        -:  301:    if (DEBUG)
        -:  302:      printf("You bought card number %d for %d coins. You now have %d buys and %d coins.\n", supplyPos, getCost(supplyPos), state->numBuys, state->coins);
        -:  303:  }
        -:  304:
        -:  305:  //state->discard[who][state->discardCount[who]] = supplyPos;
        -:  306:  //state->discardCount[who]++;
        -:  307:    
    #####:  308:  return 0;
        -:  309:}
        -:  310:
    #####:  311:int numHandCards(struct gameState *state) {
    #####:  312:  return state->handCount[ whoseTurn(state) ];
        -:  313:}
        -:  314:
    #####:  315:int handCard(int handPos, struct gameState *state) {
    #####:  316:  int currentPlayer = whoseTurn(state);
    #####:  317:  return state->hand[currentPlayer][handPos];
        -:  318:}
        -:  319:
    #####:  320:int supplyCount(int card, struct gameState *state) {
    #####:  321:  return state->supplyCount[card];
        -:  322:}
        -:  323:
    #####:  324:int fullDeckCount(int player, int card, struct gameState *state) {
        -:  325:  int i;
    #####:  326:  int count = 0;
        -:  327:
    #####:  328:  for (i = 0; i < state->deckCount[player]; i++)
        -:  329:    {
    #####:  330:      if (state->deck[player][i] == card) count++;
        -:  331:    }
        -:  332:
    #####:  333:  for (i = 0; i < state->handCount[player]; i++)
        -:  334:    {
    #####:  335:      if (state->hand[player][i] == card) count++;
        -:  336:    }
        -:  337:
    #####:  338:  for (i = 0; i < state->discardCount[player]; i++)
        -:  339:    {
    #####:  340:      if (state->discard[player][i] == card) count++;
        -:  341:    }
        -:  342:
    #####:  343:  return count;
        -:  344:}
        -:  345:
        6:  346:int whoseTurn(struct gameState *state) {
        6:  347:  return state->whoseTurn;
        -:  348:}
        -:  349:
    #####:  350:int endTurn(struct gameState *state) {
        -:  351:  int k;
        -:  352:  int i;
    #####:  353:  int currentPlayer = whoseTurn(state);
        -:  354:  
        -:  355:  //Discard hand
    #####:  356:  for (i = 0; i < state->handCount[currentPlayer]; i++){
    #####:  357:    state->discard[currentPlayer][state->discardCount[currentPlayer]++] = state->hand[currentPlayer][i];//Discard
    #####:  358:    state->hand[currentPlayer][i] = -1;//Set card to -1
        -:  359:  }
    #####:  360:  state->handCount[currentPlayer] = 0;//Reset hand count
        -:  361:    
        -:  362:  //Code for determining the player
    #####:  363:  if (currentPlayer < (state->numPlayers - 1)){ 
    #####:  364:    state->whoseTurn = currentPlayer + 1;//Still safe to increment
        -:  365:  }
        -:  366:  else{
    #####:  367:    state->whoseTurn = 0;//Max player has been reached, loop back around to player 1
        -:  368:  }
        -:  369:
    #####:  370:  state->outpostPlayed = 0;
    #####:  371:  state->phase = 0;
    #####:  372:  state->numActions = 1;
    #####:  373:  state->coins = 0;
    #####:  374:  state->numBuys = 1;
    #####:  375:  state->playedCardCount = 0;
    #####:  376:  state->handCount[state->whoseTurn] = 0;
        -:  377:
        -:  378:  //int k; move to top
        -:  379:  //Next player draws hand
    #####:  380:  for (k = 0; k < 5; k++){
    #####:  381:    drawCard(state->whoseTurn, state);//Draw a card
        -:  382:  }
        -:  383:
        -:  384:  //Update money
    #####:  385:  updateCoins(state->whoseTurn, state , 0);
        -:  386:
    #####:  387:  return 0;
        -:  388:}
        -:  389:
    #####:  390:int isGameOver(struct gameState *state) {
        -:  391:  int i;
        -:  392:  int j;
        -:  393:	
        -:  394:  //if stack of Province cards is empty, the game ends
    #####:  395:  if (state->supplyCount[province] == 0)
        -:  396:    {
    #####:  397:      return 1;
        -:  398:    }
        -:  399:
        -:  400:  //if three supply pile are at 0, the game ends
    #####:  401:  j = 0;
    #####:  402:  for (i = 0; i < 25; i++)
        -:  403:    {
    #####:  404:      if (state->supplyCount[i] == 0)
        -:  405:	{
    #####:  406:	  j++;
        -:  407:	}
        -:  408:    }
    #####:  409:  if ( j >= 3)
        -:  410:    {
    #####:  411:      return 1;
        -:  412:    }
        -:  413:
    #####:  414:  return 0;
        -:  415:}
        -:  416:
    #####:  417:int scoreFor (int player, struct gameState *state) {
        -:  418:
        -:  419:  int i;
    #####:  420:  int score = 0;
        -:  421:  //score from hand
    #####:  422:  for (i = 0; i < state->handCount[player]; i++)
        -:  423:    {
    #####:  424:      if (state->hand[player][i] == curse) { score = score - 1; };
    #####:  425:      if (state->hand[player][i] == estate) { score = score + 1; };
    #####:  426:      if (state->hand[player][i] == duchy) { score = score + 3; };
    #####:  427:      if (state->hand[player][i] == province) { score = score + 6; };
    #####:  428:      if (state->hand[player][i] == great_hall) { score = score + 1; };
    #####:  429:      if (state->hand[player][i] == gardens) { score = score + ( fullDeckCount(player, 0, state) / 10 ); };
        -:  430:    }
        -:  431:
        -:  432:  //score from discard
    #####:  433:  for (i = 0; i < state->discardCount[player]; i++)
        -:  434:    {
    #####:  435:      if (state->discard[player][i] == curse) { score = score - 1; };
    #####:  436:      if (state->discard[player][i] == estate) { score = score + 1; };
    #####:  437:      if (state->discard[player][i] == duchy) { score = score + 3; };
    #####:  438:      if (state->discard[player][i] == province) { score = score + 6; };
    #####:  439:      if (state->discard[player][i] == great_hall) { score = score + 1; };
    #####:  440:      if (state->discard[player][i] == gardens) { score = score + ( fullDeckCount(player, 0, state) / 10 ); };
        -:  441:    }
        -:  442:
        -:  443:  //score from deck
    #####:  444:  for (i = 0; i < state->discardCount[player]; i++)
        -:  445:    {
    #####:  446:      if (state->deck[player][i] == curse) { score = score - 1; };
    #####:  447:      if (state->deck[player][i] == estate) { score = score + 1; };
    #####:  448:      if (state->deck[player][i] == duchy) { score = score + 3; };
    #####:  449:      if (state->deck[player][i] == province) { score = score + 6; };
    #####:  450:      if (state->deck[player][i] == great_hall) { score = score + 1; };
    #####:  451:      if (state->deck[player][i] == gardens) { score = score + ( fullDeckCount(player, 0, state) / 10 ); };
        -:  452:    }
        -:  453:
    #####:  454:  return score;
        -:  455:}
        -:  456:
    #####:  457:int getWinners(int players[MAX_PLAYERS], struct gameState *state) {
        -:  458:  int i;	
        -:  459:  int j;
        -:  460:  int highScore;
        -:  461:  int currentPlayer;
        -:  462:
        -:  463:  //get score for each player
    #####:  464:  for (i = 0; i < MAX_PLAYERS; i++)
        -:  465:    {
        -:  466:      //set unused player scores to -9999
    #####:  467:      if (i >= state->numPlayers)
        -:  468:	{
    #####:  469:	  players[i] = -9999;
        -:  470:	}
        -:  471:      else
        -:  472:	{
    #####:  473:	  players[i] = scoreFor (i, state);
        -:  474:	}
        -:  475:    }
        -:  476:
        -:  477:  //find highest score
    #####:  478:  j = 0;
    #####:  479:  for (i = 0; i < MAX_PLAYERS; i++)
        -:  480:    {
    #####:  481:      if (players[i] > players[j])
        -:  482:	{
    #####:  483:	  j = i;
        -:  484:	}
        -:  485:    }
    #####:  486:  highScore = players[j];
        -:  487:
        -:  488:  //add 1 to players who had less turns
    #####:  489:  currentPlayer = whoseTurn(state);
    #####:  490:  for (i = 0; i < MAX_PLAYERS; i++)
        -:  491:    {
    #####:  492:      if ( players[i] == highScore && i > currentPlayer )
        -:  493:	{
    #####:  494:	  players[i]++;
        -:  495:	}
        -:  496:    }
        -:  497:
        -:  498:  //find new highest score
    #####:  499:  j = 0;
    #####:  500:  for (i = 0; i < MAX_PLAYERS; i++)
        -:  501:    {
    #####:  502:      if ( players[i] > players[j] )
        -:  503:	{
    #####:  504:	  j = i;
        -:  505:	}
        -:  506:    }
    #####:  507:  highScore = players[j];
        -:  508:
        -:  509:  //set winners in array to 1 and rest to 0
    #####:  510:  for (i = 0; i < MAX_PLAYERS; i++)
        -:  511:    {
    #####:  512:      if ( players[i] == highScore )
        -:  513:	{
    #####:  514:	  players[i] = 1;
        -:  515:	}
        -:  516:      else
        -:  517:	{
    #####:  518:	  players[i] = 0;
        -:  519:	}
        -:  520:    }
        -:  521:
    #####:  522:  return 0;
        -:  523:}
        -:  524:
       35:  525:int drawCard(int player, struct gameState *state)
        -:  526:{	int count;
        -:  527:  int deckCounter;
       35:  528:  if (state->deckCount[player] <= 0){//Deck is empty
        -:  529:    
        -:  530:    //Step 1 Shuffle the discard pile back into a deck
        -:  531:    int i;
        -:  532:    //Move discard to deck
    #####:  533:    for (i = 0; i < state->discardCount[player];i++){
    #####:  534:      state->deck[player][i] = state->discard[player][i];
    #####:  535:      state->discard[player][i] = -1;
        -:  536:    }
        -:  537:
    #####:  538:    state->deckCount[player] = state->discardCount[player];
    #####:  539:    state->discardCount[player] = 0;//Reset discard
        -:  540:
        -:  541:    //Shufffle the deck
    #####:  542:    shuffle(player, state);//Shuffle the deck up and make it so that we can draw
        -:  543:   
        -:  544:    if (DEBUG){//Debug statements
        -:  545:      printf("Deck count now: %d\n", state->deckCount[player]);
        -:  546:    }
        -:  547:    
    #####:  548:    state->discardCount[player] = 0;
        -:  549:
        -:  550:    //Step 2 Draw Card
    #####:  551:    count = state->handCount[player];//Get current player's hand count
        -:  552:    
        -:  553:    if (DEBUG){//Debug statements
        -:  554:      printf("Current hand count: %d\n", count);
        -:  555:    }
        -:  556:    
    #####:  557:    deckCounter = state->deckCount[player];//Create a holder for the deck count
        -:  558:
    #####:  559:    if (deckCounter == 0)
    #####:  560:      return -1;
        -:  561:
    #####:  562:    state->hand[player][count] = state->deck[player][deckCounter - 1];//Add card to hand
    #####:  563:    state->deckCount[player]--;
    #####:  564:    state->handCount[player]++;//Increment hand count
        -:  565:  }
        -:  566:
        -:  567:  else{
       35:  568:    int count = state->handCount[player];//Get current hand count for player
        -:  569:    int deckCounter;
        -:  570:    if (DEBUG){//Debug statements
        -:  571:      printf("Current hand count: %d\n", count);
        -:  572:    }
        -:  573:
       35:  574:    deckCounter = state->deckCount[player];//Create holder for the deck count
       35:  575:    state->hand[player][count] = state->deck[player][deckCounter - 1];//Add card to the hand
       35:  576:    state->deckCount[player]--;
       35:  577:    state->handCount[player]++;//Increment hand count
        -:  578:  }
        -:  579:
       35:  580:  return 0;
        -:  581:}
        -:  582:
    #####:  583:int getCost(int cardNumber)
        -:  584:{
    #####:  585:  switch( cardNumber ) 
        -:  586:    {
        -:  587:    case curse:
    #####:  588:      return 0;
        -:  589:    case estate:
    #####:  590:      return 2;
        -:  591:    case duchy:
    #####:  592:      return 5;
        -:  593:    case province:
    #####:  594:      return 8;
        -:  595:    case copper:
    #####:  596:      return 0;
        -:  597:    case silver:
    #####:  598:      return 3;
        -:  599:    case gold:
    #####:  600:      return 6;
        -:  601:    case adventurer:
    #####:  602:      return 6;
        -:  603:    case council_room:
    #####:  604:      return 5;
        -:  605:    case feast:
    #####:  606:      return 4;
        -:  607:    case gardens:
    #####:  608:      return 4;
        -:  609:    case mine:
    #####:  610:      return 5;
        -:  611:    case remodel:
    #####:  612:      return 4;
        -:  613:    case smithy:
    #####:  614:      return 4;
        -:  615:    case village:
    #####:  616:      return 3;
        -:  617:    case baron:
    #####:  618:      return 4;
        -:  619:    case great_hall:
    #####:  620:      return 3;
        -:  621:    case minion:
    #####:  622:      return 5;
        -:  623:    case steward:
    #####:  624:      return 3;
        -:  625:    case tribute:
    #####:  626:      return 5;
        -:  627:    case ambassador:
    #####:  628:      return 3;
        -:  629:    case cutpurse:
    #####:  630:      return 4;
        -:  631:    case embargo: 
    #####:  632:      return 2;
        -:  633:    case outpost:
    #####:  634:      return 5;
        -:  635:    case salvager:
    #####:  636:      return 4;
        -:  637:    case sea_hag:
    #####:  638:      return 4;
        -:  639:    case treasure_map:
    #####:  640:      return 4;
        -:  641:    }
        -:  642:	
    #####:  643:  return -1;
        -:  644:}
        -:  645:
        4:  646:int cardEffect(int card, int choice1, int choice2, int choice3, struct gameState *state, int handPos, int *bonus)
        -:  647:{
        -:  648:  int i;
        -:  649:  int j;
        -:  650:  int k;
        -:  651:  int x;
        -:  652:  int index;
        4:  653:  int currentPlayer = whoseTurn(state);
        4:  654:  int nextPlayer = currentPlayer + 1;
        -:  655:
        4:  656:  int tributeRevealedCards[2] = {-1, -1};
        -:  657:  int temphand[MAX_HAND];// moved above the if statement
        -:  658:  //int drawntreasure=0;
        -:  659:  //int cardDrawn;
        -:  660:  //int z = 0;// this is the counter for the temp hand
        4:  661:  if (nextPlayer > (state->numPlayers - 1)){
    #####:  662:    nextPlayer = 0;
        -:  663:  }
        -:  664:  
        -:  665:	
        -:  666:  //uses switch to select card and perform actions
        4:  667:  switch( card ) 
        -:  668:    {
        -:  669:    case adventurer:
        1:  670:		return callAdventurer(state); 
        -:  671:	/*
        -:  672:      while(drawntreasure<2){
        -:  673:	if (state->deckCount[currentPlayer] <1){//if the deck is empty we need to shuffle discard and add to deck
        -:  674:	  shuffle(currentPlayer, state);
        -:  675:	}
        -:  676:	drawCard(currentPlayer, state);
        -:  677:	cardDrawn = state->hand[currentPlayer][state->handCount[currentPlayer]-1];//top card of hand is most recently drawn card.
        -:  678:	if (cardDrawn == copper || cardDrawn == silver || cardDrawn == gold)
        -:  679:	  drawntreasure++;
        -:  680:	else{
        -:  681:	  temphand[z]=cardDrawn;
        -:  682:	  state->handCount[currentPlayer]--; //this should just remove the top card (the most recently drawn one).
        -:  683:	  z++;
        -:  684:	}
        -:  685:      }
        -:  686:      while(z-1>=0){
        -:  687:	state->discard[currentPlayer][state->discardCount[currentPlayer]++]=temphand[z-1]; // discard all cards in play that have been drawn
        -:  688:	z=z-1;
        -:  689:      }
        -:  690:      return 0;
        -:  691:	  */
        -:  692:			
        -:  693:    case council_room:
        -:  694:      //+4 Cards
        5:  695:      for (i = 0; i < 4; i++)
        -:  696:	{
        4:  697:	  drawCard(currentPlayer, state);
        -:  698:	}
        -:  699:			
        -:  700:      //+1 Buy
        1:  701:      state->numBuys++;
        -:  702:			
        -:  703:      //Each other player draws a card
        5:  704:      for (i = 0; i < state->numPlayers; i++)
        -:  705:	{
        4:  706:	  if ( i != currentPlayer )
        -:  707:	    {
        3:  708:	      drawCard(i, state);
        -:  709:	    }
        -:  710:	}
        -:  711:			
        -:  712:      //put played card in played card pile
        1:  713:      discardCard(handPos, currentPlayer, state, 0);
        -:  714:			
        1:  715:      return 0;
        -:  716:			
        -:  717:    case feast:
        -:  718:      //gain card with cost up to 5
        -:  719:      //Backup hand
    #####:  720:      for (i = 0; i <= state->handCount[currentPlayer]; i++){
    #####:  721:	temphand[i] = state->hand[currentPlayer][i];//Backup card
    #####:  722:	state->hand[currentPlayer][i] = -1;//Set to nothing
        -:  723:      }
        -:  724:      //Backup hand
        -:  725:
        -:  726:      //Update Coins for Buy
    #####:  727:      updateCoins(currentPlayer, state, 5);
    #####:  728:      x = 1;//Condition to loop on
    #####:  729:      while( x == 1) {//Buy one card
    #####:  730:	if (supplyCount(choice1, state) <= 0){
        -:  731:	  if (DEBUG)
        -:  732:	    printf("None of that card left, sorry!\n");
        -:  733:
        -:  734:	  if (DEBUG){
        -:  735:	    printf("Cards Left: %d\n", supplyCount(choice1, state));
        -:  736:	  }
        -:  737:	}
    #####:  738:	else if (state->coins < getCost(choice1)){
    #####:  739:	  printf("That card is too expensive!\n");
        -:  740:
        -:  741:	  if (DEBUG){
        -:  742:	    printf("Coins: %d < %d\n", state->coins, getCost(choice1));
        -:  743:	  }
        -:  744:	}
        -:  745:	else{
        -:  746:
        -:  747:	  if (DEBUG){
        -:  748:	    printf("Deck Count: %d\n", state->handCount[currentPlayer] + state->deckCount[currentPlayer] + state->discardCount[currentPlayer]);
        -:  749:	  }
        -:  750:
    #####:  751:	  gainCard(choice1, state, 0, currentPlayer);//Gain the card
    #####:  752:	  x = 0;//No more buying cards
        -:  753:
        -:  754:	  if (DEBUG){
        -:  755:	    printf("Deck Count: %d\n", state->handCount[currentPlayer] + state->deckCount[currentPlayer] + state->discardCount[currentPlayer]);
        -:  756:	  }
        -:  757:
        -:  758:	}
        -:  759:      }     
        -:  760:
        -:  761:      //Reset Hand
    #####:  762:      for (i = 0; i <= state->handCount[currentPlayer]; i++){
    #####:  763:	state->hand[currentPlayer][i] = temphand[i];
    #####:  764:	temphand[i] = -1;
        -:  765:      }
        -:  766:      //Reset Hand
        -:  767:      			
    #####:  768:      return 0;
        -:  769:			
        -:  770:    case gardens:
    #####:  771:		return callGardens(state); 
        -:  772:		/*
        -:  773:      return -1;
        -:  774:	  */
        -:  775:			
        -:  776:    case mine:
    #####:  777:      j = state->hand[currentPlayer][choice1];  //store card we will trash
        -:  778:
    #####:  779:      if (state->hand[currentPlayer][choice1] < copper || state->hand[currentPlayer][choice1] > gold)
        -:  780:	{
    #####:  781:	  return -1;
        -:  782:	}
        -:  783:		
    #####:  784:      if (choice2 > treasure_map || choice2 < curse)
        -:  785:	{
    #####:  786:	  return -1;
        -:  787:	}
        -:  788:
    #####:  789:      if ( (getCost(state->hand[currentPlayer][choice1]) + 3) > getCost(choice2) )
        -:  790:	{
    #####:  791:	  return -1;
        -:  792:	}
        -:  793:
    #####:  794:      gainCard(choice2, state, 2, currentPlayer);
        -:  795:
        -:  796:      //discard card from hand
    #####:  797:      discardCard(handPos, currentPlayer, state, 0);
        -:  798:
        -:  799:      //discard trashed card
    #####:  800:      for (i = 0; i < state->handCount[currentPlayer]; i++)
        -:  801:	{
    #####:  802:	  if (state->hand[currentPlayer][i] == j)
        -:  803:	    {
    #####:  804:	      discardCard(i, currentPlayer, state, 0);			
    #####:  805:	      break;
        -:  806:	    }
        -:  807:	}
        -:  808:			
    #####:  809:      return 0;
        -:  810:			
        -:  811:    case remodel:
    #####:  812:      j = state->hand[currentPlayer][choice1];  //store card we will trash
        -:  813:
    #####:  814:      if ( (getCost(state->hand[currentPlayer][choice1]) + 2) > getCost(choice2) )
        -:  815:	{
    #####:  816:	  return -1;
        -:  817:	}
        -:  818:
    #####:  819:      gainCard(choice2, state, 0, currentPlayer);
        -:  820:
        -:  821:      //discard card from hand
    #####:  822:      discardCard(handPos, currentPlayer, state, 0);
        -:  823:
        -:  824:      //discard trashed card
    #####:  825:      for (i = 0; i < state->handCount[currentPlayer]; i++)
        -:  826:	{
    #####:  827:	  if (state->hand[currentPlayer][i] == j)
        -:  828:	    {
    #####:  829:	      discardCard(i, currentPlayer, state, 0);			
    #####:  830:	      break;
        -:  831:	    }
        -:  832:	}
        -:  833:
        -:  834:
    #####:  835:      return 0;
        -:  836:		
        -:  837:    case smithy:
        1:  838:		return callSmithy(state, handPos);
        -:  839:	/*
        -:  840:      //+3 Cards
        -:  841:      for (i = 0; i < 3; i++)
        -:  842:	{
        -:  843:	  drawCard(currentPlayer, state);
        -:  844:	}
        -:  845:			
        -:  846:      //discard card from hand
        -:  847:      discardCard(handPos, currentPlayer, state, 0);
        -:  848:      return 0;
        -:  849:		*/
        -:  850:
        -:  851:    case village:
        -:  852:      //+1 Card
        1:  853:      drawCard(currentPlayer, state);
        -:  854:			
        -:  855:      //+2 Actions
        1:  856:      state->numActions = state->numActions + 2;
        -:  857:			
        -:  858:      //discard played card from hand
        1:  859:      discardCard(handPos, currentPlayer, state, 0);
        1:  860:      return 0;
        -:  861:		
        -:  862:    case baron:
    #####:  863:      state->numBuys++;//Increase buys by 1!
    #####:  864:      if (choice1 > 0){//Boolean true or going to discard an estate
    #####:  865:	int p = 0;//Iterator for hand!
    #####:  866:	int card_not_discarded = 1;//Flag for discard set!
    #####:  867:	while(card_not_discarded){
    #####:  868:	  if (state->hand[currentPlayer][p] == estate){//Found an estate card!
    #####:  869:	    state->coins += 4;//Add 4 coins to the amount of coins
    #####:  870:	    state->discard[currentPlayer][state->discardCount[currentPlayer]] = state->hand[currentPlayer][p];
    #####:  871:	    state->discardCount[currentPlayer]++;
    #####:  872:	    for (;p < state->handCount[currentPlayer]; p++){
    #####:  873:	      state->hand[currentPlayer][p] = state->hand[currentPlayer][p+1];
        -:  874:	    }
    #####:  875:	    state->hand[currentPlayer][state->handCount[currentPlayer]] = -1;
    #####:  876:	    state->handCount[currentPlayer]--;
    #####:  877:	    card_not_discarded = 0;//Exit the loop
        -:  878:	  }
    #####:  879:	  else if (p > state->handCount[currentPlayer]){
        -:  880:	    if(DEBUG) {
        -:  881:	      printf("No estate cards in your hand, invalid choice\n");
        -:  882:	      printf("Must gain an estate if there are any\n");
        -:  883:	    }
    #####:  884:	    if (supplyCount(estate, state) > 0){
    #####:  885:	      gainCard(estate, state, 0, currentPlayer);
    #####:  886:	      state->supplyCount[estate]--;//Decrement estates
    #####:  887:	      if (supplyCount(estate, state) == 0){
    #####:  888:		isGameOver(state);
        -:  889:	      }
        -:  890:	    }
    #####:  891:	    card_not_discarded = 0;//Exit the loop
        -:  892:	  }
        -:  893:			    
        -:  894:	  else{
    #####:  895:	    p++;//Next card
        -:  896:	  }
        -:  897:	}
        -:  898:      }
        -:  899:			    
        -:  900:      else{
    #####:  901:	if (supplyCount(estate, state) > 0){
    #####:  902:	  gainCard(estate, state, 0, currentPlayer);//Gain an estate
    #####:  903:	  state->supplyCount[estate]--;//Decrement Estates
    #####:  904:	  if (supplyCount(estate, state) == 0){
    #####:  905:	    isGameOver(state);
        -:  906:	  }
        -:  907:	}
        -:  908:      }
        -:  909:	    
        -:  910:      
    #####:  911:      return 0;
        -:  912:		
        -:  913:    case great_hall:
        -:  914:      //+1 Card
    #####:  915:      drawCard(currentPlayer, state);
        -:  916:			
        -:  917:      //+1 Actions
    #####:  918:      state->numActions++;
        -:  919:			
        -:  920:      //discard card from hand
    #####:  921:      discardCard(handPos, currentPlayer, state, 0);
    #####:  922:      return 0;
        -:  923:		
        -:  924:    case minion:
        -:  925:      //+1 action
    #####:  926:      state->numActions++;
        -:  927:			
        -:  928:      //discard card from hand
    #####:  929:      discardCard(handPos, currentPlayer, state, 0);
        -:  930:			
    #####:  931:      if (choice1)		//+2 coins
        -:  932:	{
    #####:  933:	  state->coins = state->coins + 2;
        -:  934:	}
        -:  935:			
    #####:  936:      else if (choice2)		//discard hand, redraw 4, other players with 5+ cards discard hand and draw 4
        -:  937:	{
        -:  938:	  //discard hand
    #####:  939:	  while(numHandCards(state) > 0)
        -:  940:	    {
    #####:  941:	      discardCard(handPos, currentPlayer, state, 0);
        -:  942:	    }
        -:  943:				
        -:  944:	  //draw 4
    #####:  945:	  for (i = 0; i < 4; i++)
        -:  946:	    {
    #####:  947:	      drawCard(currentPlayer, state);
        -:  948:	    }
        -:  949:				
        -:  950:	  //other players discard hand and redraw if hand size > 4
    #####:  951:	  for (i = 0; i < state->numPlayers; i++)
        -:  952:	    {
    #####:  953:	      if (i != currentPlayer)
        -:  954:		{
    #####:  955:		  if ( state->handCount[i] > 4 )
        -:  956:		    {
        -:  957:		      //discard hand
    #####:  958:		      while( state->handCount[i] > 0 )
        -:  959:			{
    #####:  960:			  discardCard(handPos, i, state, 0);
        -:  961:			}
        -:  962:							
        -:  963:		      //draw 4
    #####:  964:		      for (j = 0; j < 4; j++)
        -:  965:			{
    #####:  966:			  drawCard(i, state);
        -:  967:			}
        -:  968:		    }
        -:  969:		}
        -:  970:	    }
        -:  971:				
        -:  972:	}
    #####:  973:      return 0;
        -:  974:		
        -:  975:    case steward:
    #####:  976:		return callSteward(state, choice1, choice2, choice3, handPos);
        -:  977:		/*
        -:  978:      if (choice1 == 1)
        -:  979:	{
        -:  980:	  //+2 cards
        -:  981:	  drawCard(currentPlayer, state);
        -:  982:	  drawCard(currentPlayer, state);
        -:  983:	}
        -:  984:      else if (choice1 == 2)
        -:  985:	{
        -:  986:	  //+2 coins
        -:  987:	  state->coins = state->coins + 2;
        -:  988:	}
        -:  989:      else
        -:  990:	{
        -:  991:	  //trash 2 cards in hand
        -:  992:	  discardCard(choice2, currentPlayer, state, 1);
        -:  993:	  discardCard(choice3, currentPlayer, state, 1);
        -:  994:	}
        -:  995:			
        -:  996:      //discard card from hand
        -:  997:      discardCard(handPos, currentPlayer, state, 0);
        -:  998:      return 0;
        -:  999:	  */
        -: 1000:		
        -: 1001:    case tribute:
    #####: 1002:      if ((state->discardCount[nextPlayer] + state->deckCount[nextPlayer]) <= 1){
    #####: 1003:	if (state->deckCount[nextPlayer] > 0){
    #####: 1004:	  tributeRevealedCards[0] = state->deck[nextPlayer][state->deckCount[nextPlayer]-1];
    #####: 1005:	  state->deckCount[nextPlayer]--;
        -: 1006:	}
    #####: 1007:	else if (state->discardCount[nextPlayer] > 0){
    #####: 1008:	  tributeRevealedCards[0] = state->discard[nextPlayer][state->discardCount[nextPlayer]-1];
    #####: 1009:	  state->discardCount[nextPlayer]--;
        -: 1010:	}
        -: 1011:	else{
        -: 1012:	  //No Card to Reveal
        -: 1013:	  if (DEBUG){
        -: 1014:	    printf("No cards to reveal\n");
        -: 1015:	  }
        -: 1016:	}
        -: 1017:      }
        -: 1018:	    
        -: 1019:      else{
    #####: 1020:	if (state->deckCount[nextPlayer] == 0){
    #####: 1021:	  for (i = 0; i < state->discardCount[nextPlayer]; i++){
    #####: 1022:	    state->deck[nextPlayer][i] = state->discard[nextPlayer][i];//Move to deck
    #####: 1023:	    state->deckCount[nextPlayer]++;
    #####: 1024:	    state->discard[nextPlayer][i] = -1;
    #####: 1025:	    state->discardCount[nextPlayer]--;
        -: 1026:	  }
        -: 1027:			    
    #####: 1028:	  shuffle(nextPlayer,state);//Shuffle the deck
        -: 1029:	} 
    #####: 1030:	tributeRevealedCards[0] = state->deck[nextPlayer][state->deckCount[nextPlayer]-1];
    #####: 1031:	state->deck[nextPlayer][state->deckCount[nextPlayer]--] = -1;
    #####: 1032:	state->deckCount[nextPlayer]--;
    #####: 1033:	tributeRevealedCards[1] = state->deck[nextPlayer][state->deckCount[nextPlayer]-1];
    #####: 1034:	state->deck[nextPlayer][state->deckCount[nextPlayer]--] = -1;
    #####: 1035:	state->deckCount[nextPlayer]--;
        -: 1036:      }    
        -: 1037:		       
    #####: 1038:      if (tributeRevealedCards[0] == tributeRevealedCards[1]){//If we have a duplicate card, just drop one 
    #####: 1039:	state->playedCards[state->playedCardCount] = tributeRevealedCards[1];
    #####: 1040:	state->playedCardCount++;
    #####: 1041:	tributeRevealedCards[1] = -1;
        -: 1042:      }
        -: 1043:
    #####: 1044:      for (i = 0; i <= 2; i ++){
    #####: 1045:	if (tributeRevealedCards[i] == copper || tributeRevealedCards[i] == silver || tributeRevealedCards[i] == gold){//Treasure cards
    #####: 1046:	  state->coins += 2;
        -: 1047:	}
        -: 1048:		    
    #####: 1049:	else if (tributeRevealedCards[i] == estate || tributeRevealedCards[i] == duchy || tributeRevealedCards[i] == province || tributeRevealedCards[i] == gardens || tributeRevealedCards[i] == great_hall){//Victory Card Found
    #####: 1050:	  drawCard(currentPlayer, state);
    #####: 1051:	  drawCard(currentPlayer, state);
        -: 1052:	}
        -: 1053:	else{//Action Card
    #####: 1054:	  state->numActions = state->numActions + 2;
        -: 1055:	}
        -: 1056:      }
        -: 1057:	    
    #####: 1058:      return 0;
        -: 1059:		
        -: 1060:    case ambassador:
    #####: 1061:      j = 0;		//used to check if player has enough cards to discard
        -: 1062:
    #####: 1063:      if (choice2 > 2 || choice2 < 0)
        -: 1064:	{
    #####: 1065:	  return -1;				
        -: 1066:	}
        -: 1067:
    #####: 1068:      if (choice1 == handPos)
        -: 1069:	{
    #####: 1070:	  return -1;
        -: 1071:	}
        -: 1072:
    #####: 1073:      for (i = 0; i < state->handCount[currentPlayer]; i++)
        -: 1074:	{
    #####: 1075:	  if (i != handPos && i == state->hand[currentPlayer][choice1] && i != choice1)
        -: 1076:	    {
    #####: 1077:	      j++;
        -: 1078:	    }
        -: 1079:	}
    #####: 1080:      if (j < choice2)
        -: 1081:	{
    #####: 1082:	  return -1;				
        -: 1083:	}
        -: 1084:
        -: 1085:      if (DEBUG) 
        -: 1086:	printf("Player %d reveals card number: %d\n", currentPlayer, state->hand[currentPlayer][choice1]);
        -: 1087:
        -: 1088:      //increase supply count for choosen card by amount being discarded
    #####: 1089:      state->supplyCount[state->hand[currentPlayer][choice1]] += choice2;
        -: 1090:			
        -: 1091:      //each other player gains a copy of revealed card
    #####: 1092:      for (i = 0; i < state->numPlayers; i++)
        -: 1093:	{
    #####: 1094:	  if (i != currentPlayer)
        -: 1095:	    {
    #####: 1096:	      gainCard(state->hand[currentPlayer][choice1], state, 0, i);
        -: 1097:	    }
        -: 1098:	}
        -: 1099:
        -: 1100:      //discard played card from hand
    #####: 1101:      discardCard(handPos, currentPlayer, state, 0);			
        -: 1102:
        -: 1103:      //trash copies of cards returned to supply
    #####: 1104:      for (j = 0; j < choice2; j++)
        -: 1105:	{
    #####: 1106:	  for (i = 0; i < state->handCount[currentPlayer]; i++)
        -: 1107:	    {
    #####: 1108:	      if (state->hand[currentPlayer][i] == state->hand[currentPlayer][choice1])
        -: 1109:		{
    #####: 1110:		  discardCard(i, currentPlayer, state, 1);
    #####: 1111:		  break;
        -: 1112:		}
        -: 1113:	    }
        -: 1114:	}			
        -: 1115:
    #####: 1116:      return 0;
        -: 1117:		
        -: 1118:    case cutpurse:
        -: 1119:
    #####: 1120:      updateCoins(currentPlayer, state, 2);
    #####: 1121:      for (i = 0; i < state->numPlayers; i++)
        -: 1122:	{
    #####: 1123:	  if (i != currentPlayer)
        -: 1124:	    {
    #####: 1125:	      for (j = 0; j < state->handCount[i]; j++)
        -: 1126:		{
    #####: 1127:		  if (state->hand[i][j] == copper)
        -: 1128:		    {
    #####: 1129:		      discardCard(j, i, state, 0);
    #####: 1130:		      break;
        -: 1131:		    }
    #####: 1132:		  if (j == state->handCount[i])
        -: 1133:		    {
    #####: 1134:		      for (k = 0; k < state->handCount[i]; k++)
        -: 1135:			{
        -: 1136:			  if (DEBUG)
        -: 1137:			    printf("Player %d reveals card number %d\n", i, state->hand[i][k]);
        -: 1138:			}	
    #####: 1139:		      break;
        -: 1140:		    }		
        -: 1141:		}
        -: 1142:					
        -: 1143:	    }
        -: 1144:				
        -: 1145:	}				
        -: 1146:
        -: 1147:      //discard played card from hand
    #####: 1148:      discardCard(handPos, currentPlayer, state, 0);			
        -: 1149:
    #####: 1150:      return 0;
        -: 1151:
        -: 1152:		
        -: 1153:    case embargo: 
    #####: 1154:		return callEmbargo(state, choice1);
        -: 1155:	/*
        -: 1156:      //+2 Coins
        -: 1157:      state->coins = state->coins + 2;
        -: 1158:			
        -: 1159:      //see if selected pile is in play
        -: 1160:      if ( state->supplyCount[choice1] == -1 )
        -: 1161:	{
        -: 1162:	  return -1;
        -: 1163:	}
        -: 1164:	*/
        -: 1165:			
        -: 1166:      //add embargo token to selected supply pile
        -: 1167:      state->embargoTokens[choice1]++;
        -: 1168:			
        -: 1169:      //trash card
        -: 1170:      discardCard(handPos, currentPlayer, state, 1);		
        -: 1171:      return 0;
        -: 1172:		
        -: 1173:    case outpost:
        -: 1174:      //set outpost flag
    #####: 1175:      state->outpostPlayed++;
        -: 1176:			
        -: 1177:      //discard card
    #####: 1178:      discardCard(handPos, currentPlayer, state, 0);
    #####: 1179:      return 0;
        -: 1180:		
        -: 1181:    case salvager:
        -: 1182:      //+1 buy
    #####: 1183:      state->numBuys++;
        -: 1184:			
    #####: 1185:      if (choice1)
        -: 1186:	{
        -: 1187:	  //gain coins equal to trashed card
    #####: 1188:	  state->coins = state->coins + getCost( handCard(choice1, state) );
        -: 1189:	  //trash card
    #####: 1190:	  discardCard(choice1, currentPlayer, state, 1);	
        -: 1191:	}
        -: 1192:			
        -: 1193:      //discard card
    #####: 1194:      discardCard(handPos, currentPlayer, state, 0);
    #####: 1195:      return 0;
        -: 1196:		
        -: 1197:    case sea_hag:
    #####: 1198:      for (i = 0; i < state->numPlayers; i++){
    #####: 1199:	if (i != currentPlayer){
    #####: 1200:	  state->discard[i][state->discardCount[i]] = state->deck[i][state->deckCount[i]--];			    state->deckCount[i]--;
    #####: 1201:	  state->discardCount[i]++;
    #####: 1202:	  state->deck[i][state->deckCount[i]--] = curse;//Top card now a curse
        -: 1203:	}
        -: 1204:      }
    #####: 1205:      return 0;
        -: 1206:		
        -: 1207:    case treasure_map:
        -: 1208:      //search hand for another treasure_map
    #####: 1209:      index = -1;
    #####: 1210:      for (i = 0; i < state->handCount[currentPlayer]; i++)
        -: 1211:	{
    #####: 1212:	  if (state->hand[currentPlayer][i] == treasure_map && i != handPos)
        -: 1213:	    {
    #####: 1214:	      index = i;
    #####: 1215:	      break;
        -: 1216:	    }
        -: 1217:	}
    #####: 1218:      if (index > -1)
        -: 1219:	{
        -: 1220:	  //trash both treasure cards
    #####: 1221:	  discardCard(handPos, currentPlayer, state, 1);
    #####: 1222:	  discardCard(index, currentPlayer, state, 1);
        -: 1223:
        -: 1224:	  //gain 4 Gold cards
    #####: 1225:	  for (i = 0; i < 4; i++)
        -: 1226:	    {
    #####: 1227:	      gainCard(gold, state, 1, currentPlayer);
        -: 1228:	    }
        -: 1229:				
        -: 1230:	  //return success
    #####: 1231:	  return 1;
        -: 1232:	}
        -: 1233:			
        -: 1234:      //no second treasure_map found in hand
    #####: 1235:      return -1;
        -: 1236:    }
        -: 1237:	
    #####: 1238:  return -1;
        -: 1239:}
        -: 1240:
        3: 1241:int discardCard(int handPos, int currentPlayer, struct gameState *state, int trashFlag)
        -: 1242:{
        -: 1243:	
        -: 1244:  //if card is not trashed, added to Played pile 
        3: 1245:  if (trashFlag < 1)
        -: 1246:    {
        -: 1247:      //add card to played pile
        3: 1248:      state->playedCards[state->playedCardCount] = state->hand[currentPlayer][handPos]; 
        3: 1249:      state->playedCardCount++;
        -: 1250:    }
        -: 1251:	
        -: 1252:  //set played card to -1
        3: 1253:  state->hand[currentPlayer][handPos] = -1;
        -: 1254:	
        -: 1255:  //remove card from player's hand
        3: 1256:  if ( handPos == (state->handCount[currentPlayer] - 1) ) 	//last card in hand array is played
        -: 1257:    {
        -: 1258:      //reduce number of cards in hand
    #####: 1259:      state->handCount[currentPlayer]--;
        -: 1260:    }
        3: 1261:  else if ( state->handCount[currentPlayer] == 1 ) //only one card in hand
        -: 1262:    {
        -: 1263:      //reduce number of cards in hand
    #####: 1264:      state->handCount[currentPlayer]--;
        -: 1265:    }
        -: 1266:  else 	
        -: 1267:    {
        -: 1268:      //replace discarded card with last card in hand
        3: 1269:      state->hand[currentPlayer][handPos] = state->hand[currentPlayer][ (state->handCount[currentPlayer] - 1)];
        -: 1270:      //set last card to -1
        3: 1271:      state->hand[currentPlayer][state->handCount[currentPlayer] - 1] = -1;
        -: 1272:      //reduce number of cards in hand
        3: 1273:      state->handCount[currentPlayer]--;
        -: 1274:    }
        -: 1275:	
        3: 1276:  return 0;
        -: 1277:}
        -: 1278:
    #####: 1279:int gainCard(int supplyPos, struct gameState *state, int toFlag, int player)
        -: 1280:{
        -: 1281:  //Note: supplyPos is enum of choosen card
        -: 1282:	
        -: 1283:  //check if supply pile is empty (0) or card is not used in game (-1)
    #####: 1284:  if ( supplyCount(supplyPos, state) < 1 )
        -: 1285:    {
    #####: 1286:      return -1;
        -: 1287:    }
        -: 1288:	
        -: 1289:  //added card for [whoseTurn] current player:
        -: 1290:  // toFlag = 0 : add to discard
        -: 1291:  // toFlag = 1 : add to deck
        -: 1292:  // toFlag = 2 : add to hand
        -: 1293:
    #####: 1294:  if (toFlag == 1)
        -: 1295:    {
    #####: 1296:      state->deck[ player ][ state->deckCount[player] ] = supplyPos;
    #####: 1297:      state->deckCount[player]++;
        -: 1298:    }
    #####: 1299:  else if (toFlag == 2)
        -: 1300:    {
    #####: 1301:      state->hand[ player ][ state->handCount[player] ] = supplyPos;
    #####: 1302:      state->handCount[player]++;
        -: 1303:    }
        -: 1304:  else
        -: 1305:    {
    #####: 1306:      state->discard[player][ state->discardCount[player] ] = supplyPos;
    #####: 1307:      state->discardCount[player]++;
        -: 1308:    }
        -: 1309:	
        -: 1310:  //decrease number in supply pile
    #####: 1311:  state->supplyCount[supplyPos]--;
        -: 1312:	 
    #####: 1313:  return 0;
        -: 1314:}
        -: 1315:
        4: 1316:int updateCoins(int player, struct gameState *state, int bonus)
        -: 1317:{
        -: 1318:  int i;
        -: 1319:	
        -: 1320:  //reset coin count
        4: 1321:  state->coins = 0;
        -: 1322:
        -: 1323:  //add coins for each Treasure card in player's hand
       24: 1324:  for (i = 0; i < state->handCount[player]; i++)
        -: 1325:    {
       20: 1326:      if (state->hand[player][i] == copper)
        -: 1327:	{
       16: 1328:	  state->coins += 1;
        -: 1329:	}
        4: 1330:      else if (state->hand[player][i] == silver)
        -: 1331:	{
    #####: 1332:	  state->coins += 2;
        -: 1333:	}
        4: 1334:      else if (state->hand[player][i] == gold)
        -: 1335:	{
    #####: 1336:	  state->coins += 3;
        -: 1337:	}	
        -: 1338:    }	
        -: 1339:
        -: 1340:  //add bonus
        4: 1341:  state->coins += bonus;
        -: 1342:
        4: 1343:  return 0;
        -: 1344:}
        -: 1345:
        1: 1346:int callAdventurer(struct gameState *state)
        -: 1347:{
        1: 1348:	int currentPlayer = whoseTurn(state);
        -: 1349:	int temphand[MAX_HAND];// moved above the if statement
        1: 1350:	int drawntreasure = 1;
        -: 1351:	int cardDrawn;
        1: 1352:	int z = 0;// this is the counter for the temp hand
        -: 1353:	
        -: 1354:	
        5: 1355:	while (drawntreasure<2) {
        3: 1356:		if (state->deckCount[currentPlayer] <1) {//if the deck is empty we need to shuffle discard and add to deck
    #####: 1357:			shuffle(currentPlayer, state);
        -: 1358:		}
        3: 1359:		drawCard(currentPlayer, state);
        3: 1360:		cardDrawn = state->hand[currentPlayer][state->handCount[currentPlayer] - 1];//top card of hand is most recently drawn card.
        3: 1361:		if (cardDrawn == copper || cardDrawn == silver || cardDrawn == gold)
        1: 1362:			drawntreasure++;
        -: 1363:		else {
        2: 1364:			temphand[z] = cardDrawn;
        2: 1365:			state->handCount[currentPlayer]--; //this should just remove the top card (the most recently drawn one).
        2: 1366:			z++;
        -: 1367:		}
        -: 1368:	}
        4: 1369:	while (z - 1 >= 0) {
        2: 1370:		state->discard[currentPlayer][state->discardCount[currentPlayer]++] = temphand[z - 1]; // discard all cards in play that have been drawn
        2: 1371:		z = z - 1;
        -: 1372:	}
        1: 1373:	return 0;
        -: 1374:}
        -: 1375:
        1: 1376:int callSmithy(struct gameState *state, int handPos)
        -: 1377:{
        -: 1378:	int i;
        1: 1379:	int currentPlayer = whoseTurn(state);
        -: 1380:	
        -: 1381:	//+3 Cards
        5: 1382:	for (i = 0; i < 4; i++)
        -: 1383:	{
        4: 1384:		drawCard(currentPlayer, state);
        -: 1385:	}
        -: 1386:
        -: 1387:	//discard card from hand
        1: 1388:	discardCard(handPos, currentPlayer, state, 0);
        1: 1389:	return 0;
        -: 1390:}
        -: 1391:
    #####: 1392:int callGardens(struct gameState *state)
        -: 1393:{
    #####: 1394:	return -1;
        -: 1395:}
        -: 1396:	 
    #####: 1397:int callEmbargo(struct gameState *state, int choice1)
        -: 1398:{
        -: 1399:	//+2 Coins
    #####: 1400:	state->coins = state->coins + 2;
        -: 1401:
        -: 1402:	//see if selected pile is in play
    #####: 1403:	if (state->discardCount[choice1] == -1)
        -: 1404:	{
    #####: 1405:		return -1;
        -: 1406:	}
    #####: 1407:	return 0; 
        -: 1408:}
        -: 1409:
    #####: 1410:int callSteward(struct gameState *state, int choice1, int choice2, int choice3, int handPos)
        -: 1411:{
    #####: 1412:	int currentPlayer = whoseTurn(state);
        -: 1413:	
    #####: 1414:	if (choice1 == 1)
        -: 1415:	{
        -: 1416:	//+2 cards
    #####: 1417:	drawCard(currentPlayer, state);
    #####: 1418:	drawCard(currentPlayer, state);
        -: 1419:	}
    #####: 1420:	else if (choice1 == 2)
        -: 1421:	{
        -: 1422:	//+2 coins
    #####: 1423:	state->coins = state->coins + 2;
        -: 1424:	}
        -: 1425:	else
        -: 1426:	{
        -: 1427:	//trash 2 cards in hand
    #####: 1428:	discardCard(choice2, currentPlayer, state, 0);
    #####: 1429:	discardCard(choice3, currentPlayer, state, 0);
        -: 1430:	}
        -: 1431:
        -: 1432:	//discard card from hand
    #####: 1433:	discardCard(handPos, currentPlayer, state, 0);
    #####: 1434:	return 0;
        -: 1435:}
        -: 1436:
        -: 1437://end of dominion.c
        -: 1438:
